sample/build/intermediates/manifest_merge_blame_file/debug/manifest-merger-blame-debug-report.txt
1<?xml version="1.0" encoding="utf-8"?>
2<manifest xmlns:android="http://schemas.android.com/apk/res/android"
3    package="com.example.croppersample"
4    android:versionCode="1"
5    android:versionName="1.0" >
6
7    <uses-sdk
8        android:minSdkVersion="14"
8-->src\main\AndroidManifest.xml
9        android:targetSdkVersion="28" />
9-->src\main\AndroidManifest.xml
10
11    <uses-permission android:name="android.permission.CAMERA" />
11-->src\main\AndroidManifest.xml:6:5-64
11-->src\main\AndroidManifest.xml:6:22-62
12    <uses-permission android:name="android.permission.READ_EXTERNAL_STORAGE" />
12-->src\main\AndroidManifest.xml:7:5-79
12-->src\main\AndroidManifest.xml:7:22-77
13
14    <application
14-->src\main\AndroidManifest.xml:9:5-28:19
15        android:allowBackup="false"
15-->src\main\AndroidManifest.xml:10:9-36
16        android:appComponentFactory="androidx.core.app.CoreComponentFactory"
16-->[androidx.core:core:1.0.0] AndroidManifest.xml:22:18-86
17        android:debuggable="true"
18        android:icon="@drawable/ic_launcher"
18-->src\main\AndroidManifest.xml:11:9-45
19        android:label="@string/app_name"
19-->src\main\AndroidManifest.xml:12:9-41
20        android:testOnly="true"
21        android:theme="@style/Theme.AppCompat" >
21-->src\main\AndroidManifest.xml:13:9-47
22        <activity
22-->src\main\AndroidManifest.xml:14:9-22:20
23            android:name="com.theartofdev.edmodo.cropper.sample.MainActivity"
23-->src\main\AndroidManifest.xml:15:13-78
24            android:label="@string/app_title" >
24-->src\main\AndroidManifest.xml:16:13-46
25            <intent-filter>
25-->src\main\AndroidManifest.xml:17:13-21:29
26                <action android:name="android.intent.action.MAIN" />
26-->src\main\AndroidManifest.xml:18:17-68
26-->src\main\AndroidManifest.xml:18:25-66
27
28                <category android:name="android.intent.category.LAUNCHER" />
28-->src\main\AndroidManifest.xml:20:17-76
28-->src\main\AndroidManifest.xml:20:27-74
29            </intent-filter>
30        </activity>
31        <activity android:name="com.theartofdev.edmodo.cropper.sample.CropResultActivity" >
31-->src\main\AndroidManifest.xml:23:9-24:20
31-->src\main\AndroidManifest.xml:23:19-90
32        </activity>
33        <activity android:name="com.theartofdev.edmodo.cropper.CropImageActivity" >
33-->src\main\AndroidManifest.xml:25:9-26:20
33-->src\main\AndroidManifest.xml:25:19-82
34        </activity>
35    </application>
36
37</manifest>